<?xml version="1.0" encoding="UTF-8"?>
<!-- Generated by org.testng.reporters.JUnitXMLReporter -->
<testsuite ignored="4" hostname="CMLPT077" failures="1" tests="1" name="Default test" time="7.569" errors="0" timestamp="2020-07-21T23:22:55 IST">
  <testcase classname="Runner.EquipmentOrder_TestCases" name="createEqpOrder" time="7.52">
    <failure type="com.fasterxml.jackson.databind.exc.UnrecognizedPropertyException" message="Unrecognized field &amp;quot;orderDate&amp;quot; (class Pojo.CreateEquipmentOrder), not marked as ignorable (20 known properties: &amp;quot;stcc&amp;quot;, &amp;quot;customerNumber&amp;quot;, &amp;quot;customerName&amp;quot;, &amp;quot;offlineStation&amp;quot;, &amp;quot;connectingCarrierSCAC&amp;quot;, &amp;quot;customerState&amp;quot;, &amp;quot;equipmentTypeCode&amp;quot;, &amp;quot;orderNumber&amp;quot;, &amp;quot;requestingUserID&amp;quot;, &amp;quot;offlineStateCode&amp;quot;, &amp;quot;guaranteeProgram&amp;quot;, &amp;quot;customerEmail&amp;quot;, &amp;quot;customerStationNumber&amp;quot;, &amp;quot;customerCity&amp;quot;, &amp;quot;phoneExtension&amp;quot;, &amp;quot;organization&amp;quot;, &amp;quot;phoneNumber&amp;quot;, &amp;quot;orderQuantity&amp;quot;, &amp;quot;destinationRoute&amp;quot;, &amp;quot;specialInstructions&amp;quot;])
 at [Source: (String)&amp;quot;{&amp;quot;orderNumber&amp;quot;:51021,&amp;quot;orderDate&amp;quot;:&amp;quot;2020-07-21T17:52:53+00:00&amp;quot;,&amp;quot;firstLoadDate&amp;quot;:&amp;quot;2020-08-30T00:00:00+00:00&amp;quot;,&amp;quot;equipmentTypeCode&amp;quot;:&amp;quot;C1&amp;quot;,&amp;quot;numberOfCarsOrdered&amp;quot;:100,&amp;quot;revisedNumberOfCarsOrdered&amp;quot;:100,&amp;quot;numberOfCarsApplied&amp;quot;:0}&amp;quot;; line: 1, column: 35] (through reference chain: Pojo.CreateEquipmentOrder[&amp;quot;orderDate&amp;quot;])">
      <![CDATA[com.fasterxml.jackson.databind.exc.UnrecognizedPropertyException: Unrecognized field "orderDate" (class Pojo.CreateEquipmentOrder), not marked as ignorable (20 known properties: "stcc", "customerNumber", "customerName", "offlineStation", "connectingCarrierSCAC", "customerState", "equipmentTypeCode", "orderNumber", "requestingUserID", "offlineStateCode", "guaranteeProgram", "customerEmail", "customerStationNumber", "customerCity", "phoneExtension", "organization", "phoneNumber", "orderQuantity", "destinationRoute", "specialInstructions"])
 at [Source: (String)"{"orderNumber":51021,"orderDate":"2020-07-21T17:52:53+00:00","firstLoadDate":"2020-08-30T00:00:00+00:00","equipmentTypeCode":"C1","numberOfCarsOrdered":100,"revisedNumberOfCarsOrdered":100,"numberOfCarsApplied":0}"; line: 1, column: 35] (through reference chain: Pojo.CreateEquipmentOrder["orderDate"])
at com.fasterxml.jackson.databind.exc.UnrecognizedPropertyException.from(UnrecognizedPropertyException.java:61)
at com.fasterxml.jackson.databind.DeserializationContext.handleUnknownProperty(DeserializationContext.java:855)
at com.fasterxml.jackson.databind.deser.std.StdDeserializer.handleUnknownProperty(StdDeserializer.java:1206)
at com.fasterxml.jackson.databind.deser.BeanDeserializerBase.handleUnknownProperty(BeanDeserializerBase.java:1592)
at com.fasterxml.jackson.databind.deser.BeanDeserializerBase.handleUnknownVanilla(BeanDeserializerBase.java:1570)
at com.fasterxml.jackson.databind.deser.BeanDeserializer.vanillaDeserialize(BeanDeserializer.java:299)
at com.fasterxml.jackson.databind.deser.BeanDeserializer.deserialize(BeanDeserializer.java:156)
at com.fasterxml.jackson.databind.ObjectMapper._readMapAndClose(ObjectMapper.java:4482)
at com.fasterxml.jackson.databind.ObjectMapper.readValue(ObjectMapper.java:3434)
at com.fasterxml.jackson.databind.ObjectMapper$readValue$2.call(Unknown Source)
at org.codehaus.groovy.runtime.callsite.CallSiteArray.defaultCall(CallSiteArray.java:47)
at org.codehaus.groovy.runtime.callsite.AbstractCallSite.call(AbstractCallSite.java:116)
at org.codehaus.groovy.runtime.callsite.AbstractCallSite.call(AbstractCallSite.java:136)
at io.restassured.internal.path.json.mapping.JsonPathJackson2ObjectDeserializer.deserialize(JsonPathJackson2ObjectDeserializer.groovy:47)
at io.restassured.path.json.mapping.JsonPathObjectDeserializer$deserialize.call(Unknown Source)
at org.codehaus.groovy.runtime.callsite.CallSiteArray.defaultCall(CallSiteArray.java:47)
at org.codehaus.groovy.runtime.callsite.AbstractCallSite.call(AbstractCallSite.java:116)
at org.codehaus.groovy.runtime.callsite.AbstractCallSite.call(AbstractCallSite.java:128)
at io.restassured.internal.mapping.Jackson2Mapper.deserialize(Jackson2Mapper.groovy:58)
at io.restassured.mapper.ObjectMapper$deserialize$0.call(Unknown Source)
at org.codehaus.groovy.runtime.callsite.CallSiteArray.defaultCall(CallSiteArray.java:47)
at org.codehaus.groovy.runtime.callsite.AbstractCallSite.call(AbstractCallSite.java:116)
at org.codehaus.groovy.runtime.callsite.AbstractCallSite.call(AbstractCallSite.java:128)
at io.restassured.internal.mapping.ObjectMapping.parseWithJackson2(ObjectMapping.groovy:204)
at io.restassured.internal.mapping.ObjectMapping$parseWithJackson2$1.callStatic(Unknown Source)
at org.codehaus.groovy.runtime.callsite.CallSiteArray.defaultCallStatic(CallSiteArray.java:55)
at org.codehaus.groovy.runtime.callsite.AbstractCallSite.callStatic(AbstractCallSite.java:197)
at org.codehaus.groovy.runtime.callsite.AbstractCallSite.callStatic(AbstractCallSite.java:217)
at io.restassured.internal.mapping.ObjectMapping.deserialize(ObjectMapping.groovy:57)
at io.restassured.internal.mapping.ObjectMapping$deserialize$0.call(Unknown Source)
at org.codehaus.groovy.runtime.callsite.CallSiteArray.defaultCall(CallSiteArray.java:47)
at org.codehaus.groovy.runtime.callsite.AbstractCallSite.call(AbstractCallSite.java:116)
at io.restassured.internal.RestAssuredResponseOptionsGroovyImpl.as(RestAssuredResponseOptionsGroovyImpl.groovy:220)
at io.restassured.internal.RestAssuredResponseOptionsImpl.as(RestAssuredResponseOptionsImpl.java:166)
at Runner.EquipmentOrder_TestCases.createEqpOrder(EquipmentOrder_TestCases.java:46)
at java.base/jdk.internal.reflect.NativeMethodAccessorImpl.invoke0(Native Method)
at java.base/jdk.internal.reflect.NativeMethodAccessorImpl.invoke(NativeMethodAccessorImpl.java:62)
at java.base/jdk.internal.reflect.DelegatingMethodAccessorImpl.invoke(DelegatingMethodAccessorImpl.java:43)
at java.base/java.lang.reflect.Method.invoke(Method.java:564)
at org.testng.internal.MethodInvocationHelper.invokeMethod(MethodInvocationHelper.java:134)
at org.testng.internal.TestInvoker.invokeMethod(TestInvoker.java:597)
at org.testng.internal.TestInvoker.invokeTestMethod(TestInvoker.java:173)
at org.testng.internal.MethodRunner.runInSequence(MethodRunner.java:46)
at org.testng.internal.TestInvoker$MethodInvocationAgent.invoke(TestInvoker.java:816)
at org.testng.internal.TestInvoker.invokeTestMethods(TestInvoker.java:146)
at org.testng.internal.TestMethodWorker.invokeTestMethods(TestMethodWorker.java:146)
at org.testng.internal.TestMethodWorker.run(TestMethodWorker.java:128)
at java.base/java.util.ArrayList.forEach(ArrayList.java:1510)
at org.testng.TestRunner.privateRun(TestRunner.java:766)
at org.testng.TestRunner.run(TestRunner.java:587)
at org.testng.SuiteRunner.runTest(SuiteRunner.java:384)
at org.testng.SuiteRunner.runSequentially(SuiteRunner.java:378)
at org.testng.SuiteRunner.privateRun(SuiteRunner.java:337)
at org.testng.SuiteRunner.run(SuiteRunner.java:286)
at org.testng.SuiteRunnerWorker.runSuite(SuiteRunnerWorker.java:53)
at org.testng.SuiteRunnerWorker.run(SuiteRunnerWorker.java:96)
at org.testng.TestNG.runSuitesSequentially(TestNG.java:1187)
at org.testng.TestNG.runSuitesLocally(TestNG.java:1109)
at org.testng.TestNG.runSuites(TestNG.java:1039)
at org.testng.TestNG.run(TestNG.java:1007)
at org.testng.remote.AbstractRemoteTestNG.run(AbstractRemoteTestNG.java:115)
at org.testng.remote.RemoteTestNG.initAndRun(RemoteTestNG.java:251)
at org.testng.remote.RemoteTestNG.main(RemoteTestNG.java:77)
]]>
    </failure>
  </testcase> <!-- createEqpOrder -->
  <testcase classname="Runner.EquipmentOrder_TestCases" name="getOrderDetails" time="0.0">
    <ignored/>
  </testcase> <!-- getOrderDetails -->
  <testcase classname="Runner.EquipmentOrder_TestCases" name="listOfEO" time="0.0">
    <ignored/>
  </testcase> <!-- listOfEO -->
  <testcase classname="Runner.EquipmentOrder_TestCases" name="cancelEO" time="0.0">
    <ignored/>
  </testcase> <!-- cancelEO -->
  <testcase classname="Runner.EquipmentOrder_TestCases" name="editEqpOrder" time="0.0">
    <ignored/>
  </testcase> <!-- editEqpOrder -->
</testsuite> <!-- Default test -->
