<?xml version="1.0" encoding="UTF-8"?>
<!-- Generated by org.testng.reporters.JUnitXMLReporter -->
<testsuite ignored="4" hostname="CMLPT077" failures="0" tests="1" name="EquipmentOrderAPI" time="9.574" errors="0" timestamp="2020-06-27T21:21:50 IST">
  <testcase classname="Runner.EquipmentOrder_TestCases" name="createEqpOrder" time="9.53"/>
  <testcase classname="Runner.EquipmentOrder_TestCases" name="getOrderDetails" time="0.0">
    <ignored/>
  </testcase> <!-- getOrderDetails -->
  <testcase classname="Runner.EquipmentOrder_TestCases" name="listOfEO" time="0.0">
    <ignored/>
  </testcase> <!-- listOfEO -->
  <testcase classname="Runner.EquipmentOrder_TestCases" name="cancelEO" time="0.0">
    <ignored/>
  </testcase> <!-- cancelEO -->
  <testcase classname="Runner.EquipmentOrder_TestCases" name="editEqpOrder" time="0.0">
    <ignored/>
  </testcase> <!-- editEqpOrder -->
</testsuite> <!-- EquipmentOrderAPI -->
